Test name     Linux result   Windows result
Arithmetic 126 0.018 133 0.019
lstrcmpiA 469 0.134 1011 0.289
lstrcmpA 474 0.135 1186 0.339
lstrcmpiW 826 0.236 427 0.122
lstrcmpW 811 0.232 577 0.165
CompareStringA/BELARUSIAN 58 0.166 158 0.451
CompareStringA/ICase/BELARUSIAN 439 0.376 396 0.339
CompareStringA/ESTONIAN 478 1.366 155 0.443
CompareStringA/ICase/ESTONIAN 434 0.372 399 0.342
CompareStringA/LATVIAN 470 1.343 155 0.443
CompareStringA/ICase/LATVIAN 441 0.378 405 0.347
CompareStringA/RUSSIAN 56 0.160 124 0.354
CompareStringA/ICase/RUSSIAN 464 0.398 345 0.296
CompareStringA/UKRAINIAN 56 0.160 155 0.443
CompareStringA/ICase/UKRAINIAN 458 0.393 405 0.347
CompareStringA/ENGLISH 532 1.520 155 0.443
CompareStringA/ICase/ENGLISH 465 0.399 402 0.345
CompareStringA/FRENCH 536 1.531 155 0.443
CompareStringA/ICase/FRENCH 462 0.396 405 0.347
CompareStringA/CURRENT 44 0.126 124 0.354
CompareStringA/ICase/CURRENT 149 0.128 330 0.283
CompareStringA/CURRENT/Cyr 22 0.063 92 0.263
CompareStringA/ICase/CURRENT/Cyr 89 0.076 249 0.213
CompareStringW/BELARUSIAN 78 0.223 77 0.220
CompareStringW/ICase/BELARUSIAN 259 0.222 190 0.163
CompareStringW/ESTONIAN 78 0.223 77 0.220
CompareStringW/ICase/ESTONIAN 259 0.222 199 0.171
CompareStringW/LATVIAN 78 0.223 78 0.223
CompareStringW/ICase/LATVIAN 259 0.222 189 0.162
CompareStringW/RUSSIAN 78 0.223 61 0.174
CompareStringW/ICase/RUSSIAN 259 0.222 139 0.119
CompareStringW/UKRAINIAN 78 0.223 77 0.220
CompareStringW/ICase/UKRAINIAN 262 0.225 189 0.162
CompareStringW/ENGLISH 78 0.223 77 0.220
CompareStringW/ICase/ENGLISH 260 0.223 189 0.162
CompareStringW/FRENCH 77 0.220 77 0.220
CompareStringW/ICase/FRENCH 259 0.222 192 0.165
CompareStringW/CURRENT 79 0.226 61 0.174
CompareStringW/ICase/CURRENT 265 0.227 139 0.119
CompareStringW/CURRENT/Cyr 31 0.089 14 0.040
CompareStringW/ICase/CURRENT/Cyr 100 0.086 48 0.041
MultiByteToWideChar/Latin 326 0.093 358 0.102
WideCharToMultiByte/Latin 282 0.161 170 0.097
lstrcpyA 467 0.067 296 0.042
lstrcpynA 557 0.080 577 0.082
lstrlenA 645 0.092 577 0.082
lstrlenW 867 0.124 577 0.082
lstrcatA 356 0.051 477 0.068
strchr 222 0.032 148 0.021
strchrW 415 0.119 411 0.117
IscharAlphaNumericA 383 0.055 264 0.038
IscharAlphaNumericW 59 0.008 339 0.048
IscharAlphaA 443 0.063 264 0.038
IscharAlphaW 60 0.009 327 0.047
CharUpperA 622 0.444 514 0.367
CharUpperW 951 0.136 1733 0.248
CharLowerA 635 0.454 517 0.369
CharLowerW 950 0.136 1717 0.245
CharUpperA/Cyr 624 0.446 517 0.369
CharUpperW/Cyr 952 0.136 1730 0.247
CharLowerA/Cyr 627 0.448 515 0.368
CharLowerW/Cyr 945 0.135 1796 0.257
CreateFile/CloseHandle 477 47.700 171 17.100
SetFilePointer 339 0.969 99 0.283
ReadFile 522 3.729 311 2.221
WriteFile 1170 8.357 452 3.229
empty_loop 15 0.002 30 0.004
GetTickCount 934 1.334 14 0.020
GetTickCount_func 943 1.347 14 0.020
getticks_via_rdtsc 214 0.031 217 0.031
GetLocalTime 614 1.754 92 0.263
GetSystemTime 533 1.523 92 0.263
kernel32_10call 464 0.066 467 0.067
OS_Kernel_call 267 1.526 46 0.263
wineserver_call 185 10.571 14 0.800
HeapAlloc/HeapFree 444 6.343 30 0.429
HeapAlloc/HeapFree 444 6.343 30 0.429
HeapAlloc/HeapFree 447 6.386 30 0.429
HeapAlloc/HeapFree 447 6.386 30 0.429
HeapAlloc/HeapFree/100b 24 0.240 15 0.150
HeapAlloc/HeapFree/2x 505 10.100 46 0.920
malloc 18 0.360 30 0.600
malloc/2x 372 7.440 61 1.220
malloc/3x 506 14.457 61 1.743
GetParent 130 0.111 430 0.369
CallWindowProcA 58 0.050 558 0.478
GetTopWindow 515 1.471 130 0.371
GetWindow 513 1.466 130 0.371
IsChild 455 0.650 495 0.707
GetWindowLongA 102 0.146 274 0.391
GetWindowLongW 101 0.144 267 0.381
GetFocus 504 1.440 111 0.317
IsWindowVisible 236 0.674 136 0.389
IsWindow 153 0.131 436 0.374
GetClientRect 171 0.147 433 0.371
GetWindowRect 504 0.432 430 0.369
SendMessageA 294 0.420 352 0.503
SendMessageW 278 0.397 355 0.507
GetDlgItem 446 12.743 14 0.400
GetDlgCtrlID 183 0.157 423 0.363
FillRect 416 5.943 177 2.529
OffsetRect 40 0.006 45 0.006
CopyRect 40 0.006 77 0.011
PtInRect 45 0.006 45 0.006
InflateRect 47 0.007 45 0.006
SelectObject 166 1.186 14 0.100
GetSysColor 40 0.006 33 0.005
Create/DeleteObject 326 0.466 189 0.270
SetTextColor 392 0.560 14 0.020
SetBkColor 392 0.560 14 0.020
FillRect 1153 16.471 17 0.243
OffsetRect 40 0.006 46 0.007
CopyRect 42 0.006 77 0.011
PtInRect 45 0.006 46 0.007
InflateRect 47 0.007 46 0.007
SelectObject 1945 13.893 14 0.100
GetSysColor 42 0.006 30 0.004
Create/DeleteObject 348 0.497 186 0.266
SetTextColor 546 0.780 15 0.021
SetBkColor 548 0.783 15 0.021
RegOpenKeyEx/RegCloseKey 432 24.686 140 8.000
